<?xml version="1.0" encoding="UTF-8"?>
<testsuite xmlns:xsi="http://www.w3.org/2001/XMLSchema-instance" xsi:noNamespaceSchemaLocation="https://maven.apache.org/surefire/maven-surefire-plugin/xsd/surefire-test-report.xsd" name="com.mastercard.developer.service.SupportedParametersServiceTest" time="3.005" tests="2" errors="0" skipped="0" failures="0">
  <properties>
[...]
</properties>
  <testcase name="getSupportedMerchantCategories" classname="com.mastercard.developer.service.SupportedParametersServiceTest" time="1.251"/>
  <testcase name="getSupportedCurrencies" classname="com.mastercard.developer.service.SupportedParametersServiceTest" time="1.699"/>
</testsuite>